Arguments: 
  C:\Program Files\nodejs\node.exe C:\Program Files (x86)\Yarn\bin\yarn.js start

PATH: 
  F:\SETUP\cmder\vendor\bin;C:\Program Files\Common Files\Oracle\Java\javapath;C:\Windows\system32;C:\Windows;C:\Windows\System32\Wbem;C:\Windows\System32\WindowsPowerShell\v1.0\;C:\Windows\System32\OpenSSH\;C:\Program Files\nodejs\;C:\Program Files\PuTTY\;C:\Program Files\Git\cmd;C:\Program Files (x86)\Yarn\bin\;E:\DevOps\tools;C:\Program Files\Java\jdk-11.0.9\bin;C:\maven\apache-maven-3.6.3\bin;C:\Program Files\Docker\Docker\resources\bin;C:\ProgramData\DockerDesktop\version-bin;C:\Users\Hiep\AppData\Local\Microsoft\WindowsApps;C:\Users\Hiep\AppData\Roaming\npm;C:\Users\Hiep\AppData\Local\Programs\Microsoft VS Code\bin;C:\Users\Hiep\AppData\Local\Yarn\bin;C:\Program Files (x86)\Sophos\Sophos SSL VPN Client\bin;C:\Program Files\Git\mingw64\bin;C:\Program Files\Git\usr\bin;F:\SETUP\cmder

Yarn version: 
  1.22.5

Node version: 
  12.18.1

Platform: 
  win32 x64

Trace: 
  SyntaxError: D:\Git\SELF\react-typescript\jbook\packages\local-api\package.json: Unexpected string in JSON at position 176
      at JSON.parse (<anonymous>)
      at C:\Program Files (x86)\Yarn\lib\cli.js:1625:59
      at Generator.next (<anonymous>)
      at step (C:\Program Files (x86)\Yarn\lib\cli.js:310:30)
      at C:\Program Files (x86)\Yarn\lib\cli.js:321:13

npm manifest: 
  {
      "name": "local-api",
      "version": "1.0.0",
      "description": "",
      "main": "index.js",
      "scripts": {
          "start": "tsc --watch --preserveWatchOutput"
          "test": "echo \"Error: no test specified\" && exit 1"
      },
      "keywords": [],
      "author": "",
      "license": "ISC",
      "devDependencies": {
          "typescript": "^4.2.2"
      }
  }

yarn manifest: 
  No manifest

Lockfile: 
  No lockfile
